[2012-11-30 22:56:09] START
[2012-11-30 22:57:41] EDIT Handmade/models/db.py: -17
[2012-11-30 22:58:43] CREATE handmade.py: 0
[2012-11-30 22:59:04] EDIT Handmade/models/handmade.py: 39
[2012-11-30 23:00:18] CREATE janrain.py: 0
[2012-11-30 23:00:25] EDIT Handmade/models/janrain.py: 11
[2012-11-30 23:01:36] EDIT Handmade/models/menu.py: -106
[2012-11-30 23:03:39] EDIT Handmade/controllers/default.py: 37
[2012-11-30 23:03:46] EDIT Handmade/controllers/default.py: 0
[2012-11-30 23:03:53] EDIT Handmade/controllers/default.py: 0
[2012-11-30 23:06:13] CREATE default/about.html: 0
[2012-11-30 23:06:36] EDIT Handmade/views/default/about.html: 2
[2012-11-30 23:07:35] CREATE default/buy.html: 0
[2012-11-30 23:07:46] EDIT Handmade/views/default/buy.html: 2
[2012-11-30 23:08:15] EDIT Handmade/views/default/buy.html: 14
[2012-11-30 23:09:12] CREATE default/cart.html: 0
[2012-11-30 23:09:29] EDIT Handmade/views/default/cart.html: 15
[2012-11-30 23:09:48] EDIT Handmade/views/default/cart.html: 0
[2012-11-30 23:11:17] CREATE default/creditcard.html: 0
[2012-11-30 23:11:25] EDIT Handmade/views/default/creditcard.html: -1
[2012-11-30 23:12:07] CREATE default/detail.html: 0
[2012-11-30 23:12:16] EDIT Handmade/views/default/detail.html: 9
[2012-11-30 23:13:05] EDIT Handmade/views/default/index.html: -18
[2012-11-30 23:13:48] CREATE default/invioce.html: 0
[2012-11-30 23:14:00] EDIT Handmade/views/default/invioce.html: 1
[2012-11-30 23:15:24] CREATE default/myorders.html: 0
[2012-11-30 23:15:33] EDIT Handmade/views/default/myorders.html: 19
[2012-11-30 23:16:51] CREATE default/purchase.html: 0
[2012-11-30 23:17:00] EDIT Handmade/views/default/purchase.html: 8
[2012-11-30 23:18:10] CREATE default/review.html: 0
[2012-11-30 23:18:21] EDIT Handmade/views/default/review.html: -1
[2012-11-30 23:19:22] EDIT Handmade/views/default/user.html: -5
[2012-11-30 23:20:52] EDIT Handmade/views/layout.html: -9
[2012-11-30 23:22:44] CREATE favicon.ico: 0
[2012-11-30 23:23:12] EDIT Handmade/static/favicon.ico: 1
[2012-11-30 23:27:23] EDIT Handmade/views/generic.html: 0
[2012-11-30 23:28:11] EDIT Handmade/views/generic.json: 0
[2012-11-30 23:28:56] EDIT Handmade/views/generic.load: 0
[2012-11-30 23:29:32] EDIT Handmade/views/generic.map: -53
[2012-11-30 23:30:05] EDIT Handmade/views/generic.rss: 0
[2012-11-30 23:30:35] EDIT Handmade/views/generic.xml: 0
[2012-11-30 23:31:04] EDIT Handmade/views/layout.html: 0
[2012-11-30 23:31:45] EDIT Handmade/views/web2py_ajax.html: 11
[2012-11-30 23:37:24] EDIT Handmade/views/appadmin.html: -27
[2012-11-30 23:44:47] CREATE base.css: 0
[2012-11-30 23:45:07] EDIT Handmade/static/base.css: 435
[2012-11-30 23:45:49] DELETE Handmade/static/base.css: -435
[2012-11-30 23:45:58] DELETE Handmade/static/base.css.bak: 0
[2012-11-30 23:46:18] CREATE css/base.css: 0
[2012-11-30 23:46:30] EDIT Handmade/static/css/base.css: 435
[2012-11-30 23:46:44] DELETE Handmade/static/css/base.css.bak: 0
[2012-11-30 23:47:09] DELETE Handmade/static/css/bootstrap-responsive.min.css: -9
[2012-11-30 23:47:18] DELETE Handmade/static/favicon.ico.bak: 0
[2012-11-30 23:47:34] DELETE Handmade/static/css/bootstrap.min.css: -9
[2012-11-30 23:48:59] CREATE css/handheld.css: 0
[2012-11-30 23:49:18] EDIT Handmade/static/css/handheld.css: 6
[2012-11-30 23:49:34] DELETE Handmade/static/css/handheld.css.bak: 0
[2012-11-30 23:50:28] CREATE css/superfish-navbar.css: 0
[2012-11-30 23:50:49] EDIT Handmade/static/css/superfish-navbar.css: 89
[2012-11-30 23:51:20] DELETE Handmade/static/css/superfish-navbar.css.bak: 0
[2012-11-30 23:51:49] CREATE css/superfish-vertical.css: 0
[2012-11-30 23:52:04] EDIT Handmade/static/css/superfish-vertical.css: 21
[2012-11-30 23:52:25] DELETE Handmade/static/css/superfish-vertical.css.bak: 0
[2012-11-30 23:52:35] DELETE Handmade/static/css/web2py.css: -258
[2012-11-30 23:52:44] DELETE Handmade/static/css/web2py_bootstrap.css: -215
[2012-11-30 23:52:54] DELETE Handmade/static/css/web2py_bootstrap_nojs.css: -109
[2012-11-30 23:53:12] CREATE css/superfish.css: 0
[2012-11-30 23:53:39] EDIT Handmade/static/css/superfish.css: 134
[2012-11-30 23:53:56] DELETE Handmade/static/css/superfish.css.bak: 0
[2012-12-01 00:03:04] EDIT Handmade/controllers/default.py: 0
[2012-12-01 00:05:09] EDIT Handmade/views/default/detail.html: 1
[2012-12-01 00:15:59] EDIT Handmade/views/default/detail.html: 0
[2012-12-01 00:17:18] EDIT Handmade/views/default/detail.html: 1
[2012-12-01 00:18:16] EDIT Handmade/views/default/detail.html: -8
[2012-12-01 00:18:52] EDIT Handmade/controllers/default.py: 0
[2012-12-01 00:19:21] EDIT Handmade/views/default/detail.html: 8
[2012-12-01 00:21:10] EDIT Handmade/views/default/detail.html: -3
[2012-12-01 00:21:55] EDIT Handmade/views/default/detail.html: 1
[2012-12-01 11:38:56] EDIT Handmade/views/default/index.html: 5
[2012-12-01 11:40:11] EDIT Handmade/views/default/index.html: -4
[2012-12-01 14:05:58] EDIT Handmade/views/default/index.html: 23
[2012-12-01 14:08:10] EDIT Handmade/views/default/index.html: 0
[2012-12-01 14:08:33] EDIT Handmade/views/default/index.html: 0
[2012-12-01 14:17:21] EDIT Handmade/views/default/index.html: 1
[2012-12-01 14:43:18] EDIT test1/controllers/default.py: 0
[2012-12-01 14:43:50] EDIT test1/controllers/default.py: 1
[2012-12-01 14:51:34] EDIT test1/views/default/index.html: 0
[2012-12-01 14:52:05] EDIT test1/views/default/index.html: 0
[2012-12-01 14:53:26] EDIT test1/views/default/index.html: 1
[2012-12-01 16:37:40] EDIT test1/controllers/default.py: -2
[2012-12-01 16:40:49] EDIT test1/views/default/detail.html: -4
[2012-12-01 16:42:02] EDIT test1/controllers/default.py: -1
[2012-12-01 16:43:22] EDIT test1/models/handmade.py: 1
[2012-12-01 16:45:48] EDIT test1/models/handmade.py: 0
[2012-12-01 16:46:48] EDIT test1/models/handmade.py: 1
[2012-12-01 16:47:11] EDIT test1/models/handmade.py: 0
[2012-12-01 16:47:29] EDIT test1/models/handmade.py: -1
[2012-12-01 16:48:38] EDIT test1/controllers/default.py: 0
[2012-12-01 16:50:25] EDIT test1/controllers/default.py: 0
[2012-12-01 17:12:22] EDIT test1/models/handmade.py: 6
[2012-12-01 17:14:11] EDIT test1/models/handmade.py: -7
[2012-12-01 17:14:21] EDIT test1/models/handmade.py: 0
[2012-12-01 17:15:11] EDIT test1/views/default/detail.html: 0
[2012-12-01 17:15:22] EDIT test1/controllers/default.py: 0
[2012-12-01 17:15:50] EDIT test1/controllers/default.py: 0
[2012-12-01 17:16:25] EDIT test1/controllers/default.py: 0
[2012-12-01 17:17:01] EDIT test1/views/default/index.html: -32
[2012-12-01 17:22:55] EDIT test1/models/handmade.py: 0
[2012-12-01 17:26:58] EDIT test1/models/handmade.py: -1
[2012-12-01 17:27:50] EDIT test1/controllers/default.py: 0
[2012-12-01 17:29:40] EDIT test1/views/default/index.html: 0
[2012-12-01 17:33:18] EDIT test1/models/handmade.py: -1
[2012-12-01 17:35:33] EDIT test1/models/handmade.py: -2
[2012-12-01 17:35:46] EDIT test1/models/handmade.py: 0
[2012-12-01 17:36:46] EDIT test1/models/handmade.py: 0
[2012-12-01 17:37:33] EDIT test1/models/handmade.py: 0
[2012-12-01 17:38:05] EDIT test1/controllers/default.py: 0
[2012-12-01 17:38:46] EDIT test1/models/handmade.py: 0
[2012-12-01 17:47:47] EDIT test1/controllers/default.py: 1
[2012-12-01 17:49:21] EDIT test1/views/default/index.html: 4
[2012-12-01 17:50:05] EDIT test1/views/default/index.html: -2
[2012-12-01 17:50:48] EDIT test1/views/default/index.html: 1
[2012-12-01 17:52:30] EDIT test1/controllers/default.py: -1
[2012-12-01 17:53:08] EDIT test1/views/default/index.html: -1
[2012-12-01 17:53:30] EDIT test1/views/default/index.html: 0
[2012-12-01 17:54:17] EDIT test1/views/default/index.html: 0
[2012-12-01 17:55:53] EDIT test1/views/default/index.html: 0
[2012-12-01 18:02:36] EDIT test1/models/handmade.py: 0
[2012-12-01 18:04:16] EDIT test1/models/handmade.py: 0
[2012-12-01 18:06:58] EDIT test1/controllers/default.py: 0
[2012-12-01 18:12:54] EDIT test1/controllers/default.py: 1
[2012-12-01 18:17:08] EDIT test1/controllers/default.py: 0
[2012-12-01 18:18:47] EDIT test1/controllers/default.py: 1
[2012-12-01 18:19:33] EDIT test1/controllers/default.py: -1
[2012-12-01 18:19:40] EDIT test1/controllers/default.py: 0
[2012-12-01 18:26:27] EDIT test1/controllers/default.py: 0
[2012-12-01 18:27:23] EDIT test1/models/handmade.py: -1
[2012-12-01 18:27:57] EDIT test1/controllers/default.py: 0
[2012-12-01 18:28:33] EDIT test1/controllers/default.py: 0
[2012-12-01 18:29:41] EDIT test1/controllers/default.py: -1
[2012-12-01 18:30:19] EDIT test1/controllers/default.py: 0
[2012-12-01 18:32:47] EDIT test1/controllers/default.py: 0
[2012-12-01 18:33:25] EDIT test1/models/handmade.py: 0
[2012-12-01 18:34:05] EDIT test1/models/handmade.py: 0
[2012-12-01 18:34:18] EDIT test1/controllers/default.py: 0
[2012-12-01 18:36:46] EDIT test1/views/default/index.html: 0
[2012-12-01 18:37:42] EDIT test1/views/default/index.html: -9
[2012-12-01 18:38:42] EDIT test1/views/default/index.html: 5
[2012-12-01 18:40:17] EDIT test1/controllers/default.py: 0
[2012-12-01 18:40:52] EDIT test1/controllers/default.py: 0
[2012-12-02 13:27:03] EDIT test1/models/handmade.py: -16
[2012-12-02 13:33:12] EDIT test1/controllers/default.py: 0
[2012-12-02 13:33:20] EDIT test1/controllers/default.py: 0
[2012-12-02 13:34:02] EDIT test1/controllers/default.py: 0
[2012-12-02 13:40:20] EDIT test1/views/default/index.html: 0
[2012-12-02 13:40:47] EDIT test1/views/default/index.html: -1
[2012-12-02 13:41:38] EDIT test1/controllers/default.py: 0
[2012-12-02 14:03:18] EDIT test1/controllers/default.py: 0
[2012-12-02 14:03:25] EDIT test1/views/default/index.html: 34
[2012-12-02 14:04:29] EDIT test1/views/default/index.html: 1
[2012-12-02 14:05:00] EDIT test1/views/default/index.html: 0
[2012-12-02 14:07:33] EDIT test1/views/default/index.html: 0
[2012-12-02 14:18:32] EDIT test1/controllers/default.py: 0
[2012-12-02 14:27:19] EDIT test1/views/default/cart.html: 0
[2012-12-02 14:28:42] EDIT test1/views/default/cart.html: 0
[2012-12-02 14:31:02] EDIT test1/views/default/buy.html: 0
[2012-12-02 14:41:14] EDIT test1/controllers/default.py: -8
[2012-12-02 14:42:13] EDIT test1/controllers/default.py: 0
[2012-12-02 14:45:44] EDIT test1/controllers/default.py: 0
[2012-12-02 14:55:00] EDIT test1/models/handmade.py: 0
[2012-12-02 15:17:08] EDIT test1/controllers/default.py: 0
[2012-12-02 15:20:19] EDIT test1/controllers/default.py: 0
[2012-12-02 15:20:46] EDIT test1/controllers/default.py: 0
[2012-12-02 15:26:56] EDIT test1/models/handmade.py: 2
[2012-12-02 15:27:05] EDIT test1/models/handmade.py: 0
[2012-12-02 15:35:11] EDIT test1/controllers/default.py: 1
[2012-12-02 15:39:14] EDIT test1/views/default/index.html: 2
[2012-12-02 15:39:55] EDIT test1/views/default/index.html: 1
[2012-12-02 15:44:13] EDIT test1/views/default/index.html: 24
[2012-12-02 15:44:27] EDIT test1/views/default/index.html: -1
[2012-12-02 15:45:56] EDIT test1/views/default/index.html: -2
[2012-12-02 15:51:09] EDIT test1/views/default/index.html: -25
[2012-12-02 23:07:52] EDIT test1/views/default/index.html: 24
[2012-12-02 23:07:59] EDIT test1/controllers/default.py: 0
[2012-12-02 23:09:21] EDIT test1/views/default/index.html: 2
[2012-12-02 23:10:46] EDIT test1/views/default/index.html: 0
[2012-12-02 23:13:40] EDIT test1/views/default/index.html: -22
[2012-12-02 23:14:41] EDIT test1/views/default/index.html: 1
[2012-12-02 23:18:39] EDIT test1/views/default/index.html: -1
[2012-12-02 23:20:44] EDIT test1/views/default/index.html: 1
[2012-12-02 23:22:14] EDIT test1/views/default/index.html: 0
[2012-12-02 23:25:51] EDIT test1/views/default/index.html: 0
[2012-12-02 23:32:56] EDIT test1/views/default/index.html: -1
[2012-12-02 23:34:27] EDIT test1/views/default/index.html: 0
[2012-12-02 23:35:34] EDIT test1/views/default/index.html: -3
[2012-12-02 23:38:24] EDIT test1/views/default/index.html: 4
[2012-12-02 23:43:40] EDIT test1/views/default/index.html: 0
[2012-12-02 23:49:53] EDIT test1/views/default/index.html: 3
[2012-12-02 23:56:00] EDIT test1/views/default/index.html: -1
[2012-12-02 23:59:10] EDIT test1/views/default/index.html: 0
[2012-12-03 00:01:40] EDIT test1/models/handmade.py: 1
[2012-12-03 00:01:56] EDIT test1/models/handmade.py: 0
[2012-12-03 00:05:09] EDIT test1/views/default/index.html: 0
[2012-12-03 00:05:33] EDIT test1/views/default/index.html: 0
[2012-12-03 00:07:25] EDIT test1/views/default/index.html: 0
[2012-12-03 00:11:10] EDIT test1/views/default/index.html: 0
[2012-12-03 00:11:18] EDIT test1/controllers/default.py: 0
